<?xml version='1.0' encoding='UTF-8'?>
<testsuite hostname="DESKTOP-OT3MJ5P" name="edu.msudenver.cs.cs39ac.MyScalatraServletTests" tests="3" errors="0" failures="1" skipped="0" time="0.552" timestamp="2022-04-24T16:19:33">
                     <properties>
[...]
</properties>
                     <testcase classname="edu.msudenver.cs.cs39ac.MyScalatraServletTests" name="GET / on MyScalatraServlet should return status 200" time="0.469">
                                                 
                                               </testcase><testcase classname="edu.msudenver.cs.cs39ac.MyScalatraServletTests" name="GET /hello on MyScalatraServlet should return status 404" time="0.047">
                                                 
                                               </testcase><testcase classname="edu.msudenver.cs.cs39ac.MyScalatraServletTests" name="GET goodbye//hello on MyScalatraServlet should return status 500" time="0.036">
                                                 <failure message="404 did not equal 500" type="org.scalatest.exceptions.TestFailedException">org.scalatest.exceptions.TestFailedException: 404 did not equal 500
	at org.scalatest.matchers.MatchersHelper$.indicateFailure(MatchersHelper.scala:407)
	at org.scalatest.matchers.should.Matchers$ShouldMethodHelperClass.shouldMatcher(Matchers.scala:6781)
	at org.scalatest.matchers.should.Matchers$AnyShouldWrapper.should(Matchers.scala:6844)
	at edu.msudenver.cs.cs39ac.MyScalatraServletTests.$anonfun$new$6(MyScalatraServletTests.scala:23)
	at scala.util.DynamicVariable.withValue(DynamicVariable.scala:59)
	at org.scalatra.test.Client.withResponse(Client.scala:26)
	at org.scalatra.test.Client.withResponse$(Client.scala:25)
	at edu.msudenver.cs.cs39ac.MyScalatraServletTests.withResponse(MyScalatraServletTests.scala:5)
	at org.scalatra.test.HttpComponentsClient.submit(HttpComponentsClient.scala:74)
	at org.scalatra.test.HttpComponentsClient.submit$(HttpComponentsClient.scala:56)
	at edu.msudenver.cs.cs39ac.MyScalatraServletTests.submit(MyScalatraServletTests.scala:5)
	at org.scalatra.test.Client.get(Client.scala:46)
	at org.scalatra.test.Client.get$(Client.scala:45)
	at edu.msudenver.cs.cs39ac.MyScalatraServletTests.get(MyScalatraServletTests.scala:5)
	at org.scalatra.test.Client.get(Client.scala:44)
	at org.scalatra.test.Client.get$(Client.scala:43)
	at edu.msudenver.cs.cs39ac.MyScalatraServletTests.get(MyScalatraServletTests.scala:5)
	at edu.msudenver.cs.cs39ac.MyScalatraServletTests.$anonfun$new$5(MyScalatraServletTests.scala:23)
	at org.scalatest.OutcomeOf.outcomeOf(OutcomeOf.scala:85)
	at org.scalatest.OutcomeOf.outcomeOf$(OutcomeOf.scala:83)
	at org.scalatest.OutcomeOf$.outcomeOf(OutcomeOf.scala:104)
	at org.scalatest.Transformer.apply(Transformer.scala:22)
	at org.scalatest.Transformer.apply(Transformer.scala:20)
	at org.scalatest.funsuite.AnyFunSuiteLike$$anon$1.apply(AnyFunSuiteLike.scala:226)
	at org.scalatest.TestSuite.withFixture(TestSuite.scala:196)
	at org.scalatest.TestSuite.withFixture$(TestSuite.scala:195)
	at org.scalatest.funsuite.AnyFunSuite.withFixture(AnyFunSuite.scala:1563)
	at org.scalatest.funsuite.AnyFunSuiteLike.invokeWithFixture$1(AnyFunSuiteLike.scala:224)
	at org.scalatest.funsuite.AnyFunSuiteLike.$anonfun$runTest$1(AnyFunSuiteLike.scala:236)
	at org.scalatest.SuperEngine.runTestImpl(Engine.scala:306)
	at org.scalatest.funsuite.AnyFunSuiteLike.runTest(AnyFunSuiteLike.scala:236)
	at org.scalatest.funsuite.AnyFunSuiteLike.runTest$(AnyFunSuiteLike.scala:218)
	at org.scalatest.funsuite.AnyFunSuite.runTest(AnyFunSuite.scala:1563)
	at org.scalatest.funsuite.AnyFunSuiteLike.$anonfun$runTests$1(AnyFunSuiteLike.scala:269)
	at org.scalatest.SuperEngine.$anonfun$runTestsInBranch$1(Engine.scala:413)
	at scala.collection.immutable.List.foreach(List.scala:333)
	at org.scalatest.SuperEngine.traverseSubNodes$1(Engine.scala:401)
	at org.scalatest.SuperEngine.runTestsInBranch(Engine.scala:396)
	at org.scalatest.SuperEngine.runTestsImpl(Engine.scala:475)
	at org.scalatest.funsuite.AnyFunSuiteLike.runTests(AnyFunSuiteLike.scala:269)
	at org.scalatest.funsuite.AnyFunSuiteLike.runTests$(AnyFunSuiteLike.scala:268)
	at org.scalatest.funsuite.AnyFunSuite.runTests(AnyFunSuite.scala:1563)
	at org.scalatest.Suite.run(Suite.scala:1112)
	at org.scalatest.Suite.run$(Suite.scala:1094)
	at org.scalatest.funsuite.AnyFunSuite.org$scalatest$funsuite$AnyFunSuiteLike$$super$run(AnyFunSuite.scala:1563)
	at org.scalatest.funsuite.AnyFunSuiteLike.$anonfun$run$1(AnyFunSuiteLike.scala:273)
	at org.scalatest.SuperEngine.runImpl(Engine.scala:535)
	at org.scalatest.funsuite.AnyFunSuiteLike.run(AnyFunSuiteLike.scala:273)
	at org.scalatest.funsuite.AnyFunSuiteLike.run$(AnyFunSuiteLike.scala:272)
	at edu.msudenver.cs.cs39ac.MyScalatraServletTests.org$scalatest$BeforeAndAfterAll$$super$run(MyScalatraServletTests.scala:5)
	at org.scalatest.BeforeAndAfterAll.liftedTree1$1(BeforeAndAfterAll.scala:213)
	at org.scalatest.BeforeAndAfterAll.run(BeforeAndAfterAll.scala:210)
	at org.scalatest.BeforeAndAfterAll.run$(BeforeAndAfterAll.scala:208)
	at edu.msudenver.cs.cs39ac.MyScalatraServletTests.run(MyScalatraServletTests.scala:5)
	at org.scalatest.tools.Framework.org$scalatest$tools$Framework$$runSuite(Framework.scala:318)
	at org.scalatest.tools.Framework$ScalaTestTask.execute(Framework.scala:513)
	at sbt.TestRunner.runTest$1(TestFramework.scala:139)
	at sbt.TestRunner.run(TestFramework.scala:154)
	at sbt.TestFramework$$anon$3$$anonfun$$lessinit$greater$1.$anonfun$apply$1(TestFramework.scala:317)
	at sbt.TestFramework$.sbt$TestFramework$$withContextLoader(TestFramework.scala:277)
	at sbt.TestFramework$$anon$3$$anonfun$$lessinit$greater$1.apply(TestFramework.scala:317)
	at sbt.TestFramework$$anon$3$$anonfun$$lessinit$greater$1.apply(TestFramework.scala:317)
	at sbt.TestFunction.apply(TestFramework.scala:329)
	at sbt.Tests$.$anonfun$toTask$1(Tests.scala:422)
	at sbt.std.Transform$$anon$3.$anonfun$apply$2(Transform.scala:46)
	at sbt.std.Transform$$anon$4.work(Transform.scala:68)
	at sbt.Execute.$anonfun$submit$2(Execute.scala:282)
	at sbt.internal.util.ErrorHandling$.wideConvert(ErrorHandling.scala:23)
	at sbt.Execute.work(Execute.scala:291)
	at sbt.Execute.$anonfun$submit$1(Execute.scala:282)
	at sbt.ConcurrentRestrictions$$anon$4.$anonfun$submitValid$1(ConcurrentRestrictions.scala:265)
	at sbt.CompletionService$$anon$2.call(CompletionService.scala:64)
	at java.base/java.util.concurrent.FutureTask.run(FutureTask.java:264)
	at java.base/java.util.concurrent.Executors$RunnableAdapter.call(Executors.java:539)
	at java.base/java.util.concurrent.FutureTask.run(FutureTask.java:264)
	at java.base/java.util.concurrent.ThreadPoolExecutor.runWorker(ThreadPoolExecutor.java:1136)
	at java.base/java.util.concurrent.ThreadPoolExecutor$Worker.run(ThreadPoolExecutor.java:635)
	at java.base/java.lang.Thread.run(Thread.java:833)
</failure>
                                               </testcase>
                     <system-out><![CDATA[]]></system-out>
                     <system-err><![CDATA[]]></system-err>
                   </testsuite>